mode: set
github.com/shuhrat-shokirov/wallet/pkg/wallet/service.go:13.31,15.2 1 0
github.com/shuhrat-shokirov/wallet/pkg/wallet/service.go:32.78,33.37 1 1
github.com/shuhrat-shokirov/wallet/pkg/wallet/service.go:39.2,49.21 4 1
github.com/shuhrat-shokirov/wallet/pkg/wallet/service.go:33.37,34.29 1 0
github.com/shuhrat-shokirov/wallet/pkg/wallet/service.go:34.29,36.4 1 0
github.com/shuhrat-shokirov/wallet/pkg/wallet/service.go:52.70,53.17 1 1
github.com/shuhrat-shokirov/wallet/pkg/wallet/service.go:57.2,58.33 2 1
github.com/shuhrat-shokirov/wallet/pkg/wallet/service.go:65.2,65.20 1 1
github.com/shuhrat-shokirov/wallet/pkg/wallet/service.go:69.2,70.12 2 1
github.com/shuhrat-shokirov/wallet/pkg/wallet/service.go:53.17,55.3 1 0
github.com/shuhrat-shokirov/wallet/pkg/wallet/service.go:58.33,59.26 1 1
github.com/shuhrat-shokirov/wallet/pkg/wallet/service.go:59.26,61.9 2 1
github.com/shuhrat-shokirov/wallet/pkg/wallet/service.go:65.20,67.3 1 0
github.com/shuhrat-shokirov/wallet/pkg/wallet/service.go:73.116,74.17 1 1
github.com/shuhrat-shokirov/wallet/pkg/wallet/service.go:77.2,78.33 2 1
github.com/shuhrat-shokirov/wallet/pkg/wallet/service.go:86.2,86.20 1 1
github.com/shuhrat-shokirov/wallet/pkg/wallet/service.go:90.2,90.30 1 1
github.com/shuhrat-shokirov/wallet/pkg/wallet/service.go:94.2,106.21 5 1
github.com/shuhrat-shokirov/wallet/pkg/wallet/service.go:74.17,76.3 1 0
github.com/shuhrat-shokirov/wallet/pkg/wallet/service.go:78.33,79.26 1 1
github.com/shuhrat-shokirov/wallet/pkg/wallet/service.go:79.26,81.9 2 1
github.com/shuhrat-shokirov/wallet/pkg/wallet/service.go:86.20,88.3 1 0
github.com/shuhrat-shokirov/wallet/pkg/wallet/service.go:90.30,93.3 1 0
github.com/shuhrat-shokirov/wallet/pkg/wallet/service.go:110.76,111.37 1 1
github.com/shuhrat-shokirov/wallet/pkg/wallet/service.go:117.2,117.32 1 1
github.com/shuhrat-shokirov/wallet/pkg/wallet/service.go:111.37,112.30 1 1
github.com/shuhrat-shokirov/wallet/pkg/wallet/service.go:112.30,114.4 1 1
github.com/shuhrat-shokirov/wallet/pkg/wallet/service.go:120.77,121.37 1 1
github.com/shuhrat-shokirov/wallet/pkg/wallet/service.go:127.2,127.32 1 0
github.com/shuhrat-shokirov/wallet/pkg/wallet/service.go:121.37,122.30 1 1
github.com/shuhrat-shokirov/wallet/pkg/wallet/service.go:122.30,124.4 1 1
github.com/shuhrat-shokirov/wallet/pkg/wallet/service.go:130.50,132.16 2 1
github.com/shuhrat-shokirov/wallet/pkg/wallet/service.go:136.2,139.12 3 1
github.com/shuhrat-shokirov/wallet/pkg/wallet/service.go:132.16,134.3 1 1
github.com/shuhrat-shokirov/wallet/pkg/wallet/service.go:142.110,148.37 2 1
github.com/shuhrat-shokirov/wallet/pkg/wallet/service.go:155.2,155.26 1 1
github.com/shuhrat-shokirov/wallet/pkg/wallet/service.go:159.2,159.37 1 1
github.com/shuhrat-shokirov/wallet/pkg/wallet/service.go:166.2,166.26 1 1
github.com/shuhrat-shokirov/wallet/pkg/wallet/service.go:170.2,170.42 1 1
github.com/shuhrat-shokirov/wallet/pkg/wallet/service.go:148.37,149.30 1 1
github.com/shuhrat-shokirov/wallet/pkg/wallet/service.go:149.30,151.9 2 1
github.com/shuhrat-shokirov/wallet/pkg/wallet/service.go:155.26,157.3 1 1
github.com/shuhrat-shokirov/wallet/pkg/wallet/service.go:159.37,160.44 1 1
github.com/shuhrat-shokirov/wallet/pkg/wallet/service.go:160.44,162.9 2 1
github.com/shuhrat-shokirov/wallet/pkg/wallet/service.go:166.26,168.3 1 0
github.com/shuhrat-shokirov/wallet/pkg/wallet/service.go:173.68,175.16 2 1
github.com/shuhrat-shokirov/wallet/pkg/wallet/service.go:179.2,179.78 1 1
github.com/shuhrat-shokirov/wallet/pkg/wallet/service.go:175.16,177.3 1 0
github.com/shuhrat-shokirov/wallet/pkg/wallet/service.go:182.91,184.16 2 1
github.com/shuhrat-shokirov/wallet/pkg/wallet/service.go:188.2,198.22 3 1
github.com/shuhrat-shokirov/wallet/pkg/wallet/service.go:184.16,186.3 1 0
github.com/shuhrat-shokirov/wallet/pkg/wallet/service.go:201.78,204.38 2 1
github.com/shuhrat-shokirov/wallet/pkg/wallet/service.go:211.2,211.27 1 1
github.com/shuhrat-shokirov/wallet/pkg/wallet/service.go:215.2,216.16 2 1
github.com/shuhrat-shokirov/wallet/pkg/wallet/service.go:220.2,220.21 1 1
github.com/shuhrat-shokirov/wallet/pkg/wallet/service.go:204.38,205.32 1 1
github.com/shuhrat-shokirov/wallet/pkg/wallet/service.go:205.32,207.9 2 1
github.com/shuhrat-shokirov/wallet/pkg/wallet/service.go:211.27,213.3 1 0
github.com/shuhrat-shokirov/wallet/pkg/wallet/service.go:216.16,218.3 1 0
