mode: set
github.com/shuhrat-shokirov/wallet/pkg/wallet/service.go:13.31,15.2 1 0
github.com/shuhrat-shokirov/wallet/pkg/wallet/service.go:31.78,32.37 1 1
github.com/shuhrat-shokirov/wallet/pkg/wallet/service.go:38.2,48.21 4 1
github.com/shuhrat-shokirov/wallet/pkg/wallet/service.go:32.37,33.29 1 0
github.com/shuhrat-shokirov/wallet/pkg/wallet/service.go:33.29,35.4 1 0
github.com/shuhrat-shokirov/wallet/pkg/wallet/service.go:51.70,52.17 1 1
github.com/shuhrat-shokirov/wallet/pkg/wallet/service.go:56.2,57.33 2 1
github.com/shuhrat-shokirov/wallet/pkg/wallet/service.go:64.2,64.20 1 1
github.com/shuhrat-shokirov/wallet/pkg/wallet/service.go:68.2,69.12 2 1
github.com/shuhrat-shokirov/wallet/pkg/wallet/service.go:52.17,54.3 1 0
github.com/shuhrat-shokirov/wallet/pkg/wallet/service.go:57.33,58.26 1 1
github.com/shuhrat-shokirov/wallet/pkg/wallet/service.go:58.26,60.9 2 1
github.com/shuhrat-shokirov/wallet/pkg/wallet/service.go:64.20,66.3 1 0
github.com/shuhrat-shokirov/wallet/pkg/wallet/service.go:72.116,73.17 1 1
github.com/shuhrat-shokirov/wallet/pkg/wallet/service.go:76.2,77.33 2 1
github.com/shuhrat-shokirov/wallet/pkg/wallet/service.go:85.2,85.20 1 1
github.com/shuhrat-shokirov/wallet/pkg/wallet/service.go:89.2,89.30 1 1
github.com/shuhrat-shokirov/wallet/pkg/wallet/service.go:93.2,105.21 5 1
github.com/shuhrat-shokirov/wallet/pkg/wallet/service.go:73.17,75.3 1 0
github.com/shuhrat-shokirov/wallet/pkg/wallet/service.go:77.33,78.26 1 1
github.com/shuhrat-shokirov/wallet/pkg/wallet/service.go:78.26,80.9 2 1
github.com/shuhrat-shokirov/wallet/pkg/wallet/service.go:85.20,87.3 1 0
github.com/shuhrat-shokirov/wallet/pkg/wallet/service.go:89.30,92.3 1 0
github.com/shuhrat-shokirov/wallet/pkg/wallet/service.go:109.76,110.37 1 1
github.com/shuhrat-shokirov/wallet/pkg/wallet/service.go:116.2,116.32 1 1
github.com/shuhrat-shokirov/wallet/pkg/wallet/service.go:110.37,111.30 1 1
github.com/shuhrat-shokirov/wallet/pkg/wallet/service.go:111.30,113.4 1 1
github.com/shuhrat-shokirov/wallet/pkg/wallet/service.go:119.77,120.37 1 1
github.com/shuhrat-shokirov/wallet/pkg/wallet/service.go:126.2,126.32 1 0
github.com/shuhrat-shokirov/wallet/pkg/wallet/service.go:120.37,121.30 1 1
github.com/shuhrat-shokirov/wallet/pkg/wallet/service.go:121.30,123.4 1 1
github.com/shuhrat-shokirov/wallet/pkg/wallet/service.go:129.50,135.37 2 1
github.com/shuhrat-shokirov/wallet/pkg/wallet/service.go:142.2,142.26 1 1
github.com/shuhrat-shokirov/wallet/pkg/wallet/service.go:146.2,146.37 1 1
github.com/shuhrat-shokirov/wallet/pkg/wallet/service.go:153.2,153.26 1 1
github.com/shuhrat-shokirov/wallet/pkg/wallet/service.go:157.2,160.12 3 1
github.com/shuhrat-shokirov/wallet/pkg/wallet/service.go:135.37,136.30 1 1
github.com/shuhrat-shokirov/wallet/pkg/wallet/service.go:136.30,138.9 2 1
github.com/shuhrat-shokirov/wallet/pkg/wallet/service.go:142.26,144.3 1 1
github.com/shuhrat-shokirov/wallet/pkg/wallet/service.go:146.37,147.44 1 1
github.com/shuhrat-shokirov/wallet/pkg/wallet/service.go:147.44,149.9 2 1
github.com/shuhrat-shokirov/wallet/pkg/wallet/service.go:153.26,155.3 1 0
github.com/shuhrat-shokirov/wallet/pkg/wallet/service.go:163.66,169.37 2 1
github.com/shuhrat-shokirov/wallet/pkg/wallet/service.go:176.2,176.26 1 1
github.com/shuhrat-shokirov/wallet/pkg/wallet/service.go:180.2,180.37 1 1
github.com/shuhrat-shokirov/wallet/pkg/wallet/service.go:187.2,187.26 1 1
github.com/shuhrat-shokirov/wallet/pkg/wallet/service.go:191.2,191.79 1 1
github.com/shuhrat-shokirov/wallet/pkg/wallet/service.go:169.37,170.30 1 1
github.com/shuhrat-shokirov/wallet/pkg/wallet/service.go:170.30,172.9 2 1
github.com/shuhrat-shokirov/wallet/pkg/wallet/service.go:176.26,178.3 1 0
github.com/shuhrat-shokirov/wallet/pkg/wallet/service.go:180.37,181.44 1 1
github.com/shuhrat-shokirov/wallet/pkg/wallet/service.go:181.44,183.9 2 1
github.com/shuhrat-shokirov/wallet/pkg/wallet/service.go:187.26,189.3 1 0
